<?xml version="1.0" encoding="UTF-8"?>
<!-- Generated by org.testng.reporters.JUnitReportReporter -->
<testsuite hostname="DESKTOP-E4GP2AI" name="com.amtrak.Amtrak.homepage.TC003_VerifyLogInWithDifferentdata" tests="1" failures="0" timestamp="17 Mar 2018 04:09:10 GMT" time="3.623" errors="0">
  <testcase name="testLogin" time="3.623" classname="com.amtrak.Amtrak.homepage.TC003_VerifyLogInWithDifferentdata"/>
</testsuite> <!-- com.amtrak.Amtrak.homepage.TC003_VerifyLogInWithDifferentdata -->
