<?xml version="1.0" encoding="UTF-8"?>
<!-- Generated by org.testng.reporters.JUnitReportReporter -->
<testsuite hostname="DESKTOP-E4GP2AI" name="com.amtrak.Amtrak.homepage.AMTC001" tests="1" failures="0" timestamp="21 Mar 2018 01:39:17 GMT" time="3.900" errors="0">
  <testcase name="testLogIn" time="3.900" classname="com.amtrak.Amtrak.homepage.AMTC001"/>
</testsuite> <!-- com.amtrak.Amtrak.homepage.AMTC001 -->
