<?xml version="1.0" encoding="UTF-8"?>
<!-- Generated by org.testng.reporters.JUnitReportReporter -->
<testsuite hostname="DESKTOP-E4GP2AI" name="com.amtrak.Amtrak.homepage.AMTC2" tests="1" failures="0" timestamp="21 Mar 2018 01:38:05 GMT" time="1.037" errors="0">
  <testcase name="testLogIn" time="1.037" classname="com.amtrak.Amtrak.homepage.AMTC2"/>
</testsuite> <!-- com.amtrak.Amtrak.homepage.AMTC2 -->
