<?xml version="1.0" encoding="UTF-8"?>
<!-- Generated by org.testng.reporters.JUnitReportReporter -->
<testsuite hostname="DESKTOP-E4GP2AI" name="com.amtrak.Amtrak.homepage.TC002_VerifyRegistration" tests="1" failures="0" timestamp="17 Mar 2018 22:13:21 GMT" time="4.266" errors="0">
  <testcase name="testLogIn" time="4.266" classname="com.amtrak.Amtrak.homepage.TC002_VerifyRegistration"/>
</testsuite> <!-- com.amtrak.Amtrak.homepage.TC002_VerifyRegistration -->
