<?xml version="1.0" encoding="UTF-8"?>
<!-- Generated by org.testng.reporters.JUnitReportReporter -->
<testsuite hostname="DESKTOP-E4GP2AI" name="com.amtrak.Amtrak.homepage.AMTC3WellsFargo" tests="2" failures="0" timestamp="17 Mar 2018 22:13:21 GMT" time="1.561" errors="0">
  <testcase name="testClick" time="0.900" classname="com.amtrak.Amtrak.homepage.AMTC3WellsFargo"/>
  <testcase name="testLogIn" time="0.661" classname="com.amtrak.Amtrak.homepage.AMTC3WellsFargo"/>
</testsuite> <!-- com.amtrak.Amtrak.homepage.AMTC3WellsFargo -->
