<?xml version="1.0" encoding="UTF-8"?>
<!-- Generated by org.testng.reporters.JUnitReportReporter -->
<testsuite hostname="DESKTOP-E4GP2AI" name="com.contact.homepage.AMTC001" tests="1" failures="0" timestamp="21 Mar 2018 12:34:07 GMT" time="1.640" errors="0">
  <testcase name="testLogIn" time="1.640" classname="com.contact.homepage.AMTC001"/>
</testsuite> <!-- com.contact.homepage.AMTC001 -->
