<?xml version="1.0" encoding="UTF-8"?>
<!-- Generated by org.testng.reporters.JUnitReportReporter -->
<testsuite hostname="DESKTOP-E4GP2AI" name="com.amtrak.Amtrak.homepage.AM_TC001" tests="1" failures="0" timestamp="10 Mar 2018 06:14:24 GMT" time="3.625" errors="0">
  <testcase name="testLogIn" time="3.625" classname="com.amtrak.Amtrak.homepage.AM_TC001"/>
</testsuite> <!-- com.amtrak.Amtrak.homepage.AM_TC001 -->
