<?xml version="1.0" encoding="UTF-8"?>
<!-- Generated by org.testng.reporters.JUnitReportReporter -->
<testsuite hostname="DESKTOP-E4GP2AI" name="com.amtrak.Amtrak.homepage.TC001_VerifyLoginWithInvalidCredentials" tests="1" failures="0" timestamp="17 Mar 2018 04:08:31 GMT" time="1.860" errors="0">
  <testcase name="verifyLoginWithInvalidCredentials" time="1.860" classname="com.amtrak.Amtrak.homepage.TC001_VerifyLoginWithInvalidCredentials"/>
</testsuite> <!-- com.amtrak.Amtrak.homepage.TC001_VerifyLoginWithInvalidCredentials -->
